-- Using CATKIN_DEVEL_PREFIX: /root/autorace_kkk_ws/devel
-- Using CMAKE_PREFIX_PATH: /opt/ros/noetic
-- This workspace overlays: /opt/ros/noetic
-- Found PythonInterp: /usr/bin/python3 (found suitable version "3.8.10", minimum required is "3") 
-- Using PYTHON_EXECUTABLE: /usr/bin/python3
-- Using Debian Python package layout
-- Using empy: /usr/lib/python3/dist-packages/em.py
-- Using CATKIN_ENABLE_TESTING: ON
-- Call enable_testing()
-- Using CATKIN_TEST_RESULTS_DIR: /root/autorace_kkk_ws/build/test_results
-- Forcing gtest/gmock from source, though one was otherwise available.
-- Found gtest sources under '/usr/src/googletest': gtests will be built
-- Found gmock sources under '/usr/src/googletest': gmock will be built
-- Found PythonInterp: /usr/bin/python3 (found version "3.8.10") 
-- Using Python nosetests: /usr/bin/nosetests3
-- catkin 0.8.12
-- BUILD_SHARED_LIBS is on
-- BUILD_SHARED_LIBS is on
-- ~~~~~~~~~~~~~~~~~~~~~~~~~~~~~~~~~~~~~~~~~~~~~~~~~
-- ~~  traversing 5 packages in topological order:
-- ~~  - morai_msgs
-- ~~  - autorace_control
-- ~~  - autorace_decision
-- ~~  - autorace_perception
-- ~~  - robot_bringup
-- ~~~~~~~~~~~~~~~~~~~~~~~~~~~~~~~~~~~~~~~~~~~~~~~~~
-- +++ processing catkin package: 'morai_msgs'
-- ==> add_subdirectory(MORAI-ROS_morai_msgs)
-- Using these message generators: gencpp;geneus;genlisp;gennodejs;genpy
-- morai_msgs: 89 messages, 19 services
-- +++ processing catkin package: 'autorace_control'
-- ==> add_subdirectory(autorace_control)
-- Using these message generators: gencpp;geneus;genlisp;gennodejs;genpy
-- +++ processing catkin package: 'autorace_decision'
-- ==> add_subdirectory(autorace_decision)
-- Using these message generators: gencpp;geneus;genlisp;gennodejs;genpy
-- +++ processing catkin package: 'autorace_perception'
-- ==> add_subdirectory(autorace_perception)
-- Using these message generators: gencpp;geneus;genlisp;gennodejs;genpy
-- +++ processing catkin package: 'robot_bringup'
-- ==> add_subdirectory(robot_bringup)
-- Using these message generators: gencpp;geneus;genlisp;gennodejs;genpy
-- Configuring done
-- Generating done
-- Build files have been written to: /root/autorace_kkk_ws/build
cd /root/autorace_kkk_ws/build && /usr/bin/cmake -S/root/autorace_kkk_ws/src -B/root/autorace_kkk_ws/build --check-build-system CMakeFiles/Makefile.cmake 0
cd /root/autorace_kkk_ws/build && /usr/bin/cmake -E cmake_progress_start /root/autorace_kkk_ws/build/CMakeFiles /root/autorace_kkk_ws/build/autorace_decision/CMakeFiles/progress.marks
cd /root/autorace_kkk_ws/build && make -f CMakeFiles/Makefile2 autorace_decision/all
make[1]: Entering directory '/root/autorace_kkk_ws/build'
make -f autorace_decision/CMakeFiles/main_node.dir/build.make autorace_decision/CMakeFiles/main_node.dir/depend
make[2]: Entering directory '/root/autorace_kkk_ws/build'
cd /root/autorace_kkk_ws/build && /usr/bin/cmake -E cmake_depends "Unix Makefiles" /root/autorace_kkk_ws/src /root/autorace_kkk_ws/src/autorace_decision /root/autorace_kkk_ws/build /root/autorace_kkk_ws/build/autorace_decision /root/autorace_kkk_ws/build/autorace_decision/CMakeFiles/main_node.dir/DependInfo.cmake --color=
make[2]: Leaving directory '/root/autorace_kkk_ws/build'
make -f autorace_decision/CMakeFiles/main_node.dir/build.make autorace_decision/CMakeFiles/main_node.dir/build
make[2]: Entering directory '/root/autorace_kkk_ws/build'
[100%] Linking CXX executable /root/autorace_kkk_ws/devel/lib/autorace_decision/main_node
cd /root/autorace_kkk_ws/build/autorace_decision && /usr/bin/cmake -E cmake_link_script CMakeFiles/main_node.dir/link.txt --verbose=1
/usr/bin/c++    -rdynamic CMakeFiles/main_node.dir/src/main_node.cpp.o  -o /root/autorace_kkk_ws/devel/lib/autorace_decision/main_node  -Wl,-rpath,/opt/ros/noetic/lib /opt/ros/noetic/lib/librosbag.so /opt/ros/noetic/lib/librosbag_storage.so /opt/ros/noetic/lib/libclass_loader.so -lPocoFoundation -ldl /opt/ros/noetic/lib/libroslib.so /opt/ros/noetic/lib/librospack.so -lpython3.8 /usr/lib/x86_64-linux-gnu/libboost_program_options.so.1.71.0 -ltinyxml2 /opt/ros/noetic/lib/libroslz4.so -llz4 /opt/ros/noetic/lib/libtopic_tools.so /opt/ros/noetic/lib/libroscpp.so -lpthread /usr/lib/x86_64-linux-gnu/libboost_chrono.so.1.71.0 /usr/lib/x86_64-linux-gnu/libboost_filesystem.so.1.71.0 /opt/ros/noetic/lib/librosconsole.so /opt/ros/noetic/lib/librosconsole_log4cxx.so /opt/ros/noetic/lib/librosconsole_backend_interface.so -llog4cxx /usr/lib/x86_64-linux-gnu/libboost_regex.so.1.71.0 /opt/ros/noetic/lib/libxmlrpcpp.so /opt/ros/noetic/lib/libroscpp_serialization.so /opt/ros/noetic/lib/librostime.so /usr/lib/x86_64-linux-gnu/libboost_date_time.so.1.71.0 /opt/ros/noetic/lib/libcpp_common.so /usr/lib/x86_64-linux-gnu/libboost_system.so.1.71.0 /usr/lib/x86_64-linux-gnu/libboost_thread.so.1.71.0 /usr/lib/x86_64-linux-gnu/libconsole_bridge.so.0.4 
/usr/bin/ld: /usr/lib/gcc/x86_64-linux-gnu/9/../../../x86_64-linux-gnu/Scrt1.o: in function `_start':
(.text+0x24): undefined reference to `main'
collect2: error: ld returned 1 exit status
make[2]: *** [autorace_decision/CMakeFiles/main_node.dir/build.make:117: /root/autorace_kkk_ws/devel/lib/autorace_decision/main_node] Error 1
make[2]: Leaving directory '/root/autorace_kkk_ws/build'
make[1]: *** [CMakeFiles/Makefile2:5570: autorace_decision/CMakeFiles/main_node.dir/all] Error 2
make[1]: Leaving directory '/root/autorace_kkk_ws/build'
make: *** [Makefile:144: all] Error 2
Base path: /root/autorace_kkk_ws
Source space: /root/autorace_kkk_ws/src
Build space: /root/autorace_kkk_ws/build
Devel space: /root/autorace_kkk_ws/devel
Install space: /root/autorace_kkk_ws/install
####
#### Running command: "cmake /root/autorace_kkk_ws/src -DCMAKE_VERBOSE_MAKEFILE=ON -DCATKIN_DEVEL_PREFIX=/root/autorace_kkk_ws/devel -DCMAKE_INSTALL_PREFIX=/root/autorace_kkk_ws/install -G Unix Makefiles" in "/root/autorace_kkk_ws/build"
####
####
#### Running command: "make -j1" in "/root/autorace_kkk_ws/build/autorace_decision"
####
Invoking "make -j1" failed
